# JRE version: Java(TM) SE Runtime Environment (8.0_71-b15) (build 1.8.0_71-b15)
# Java VM: Java HotSpot(TM) 64-Bit Server VM (25.71-b15 mixed mode windows-amd64 compressed oops)
Heap:
 PSYoungGen      total 141824K, used 123659K [0x00000000f5580000, 0x00000000fea80000, 0x0000000100000000)
  eden space 131072K, 94% used [0x00000000f5580000,0x00000000fce42f50,0x00000000fd580000)
  from space 10752K, 0% used [0x00000000fe000000,0x00000000fe000000,0x00000000fea80000)
  to   space 10752K, 0% used [0x00000000fd580000,0x00000000fd580000,0x00000000fe000000)
 ParOldGen       total 175104K, used 6887K [0x00000000e0000000, 0x00000000eab00000, 0x00000000f5580000)
  object space 175104K, 3% used [0x00000000e0000000,0x00000000e06b9d18,0x00000000eab00000)
 Metaspace       used 34286K, capacity 34928K, committed 35328K, reserved 1079296K
  class space    used 4640K, capacity 4857K, committed 4864K, reserved 1048576K
GC Heap History (10 events):
Event: 4.881 GC heap before
{Heap before GC invocations=1 (full 0):
 PSYoungGen      total 76288K, used 65536K [0x00000000f5580000, 0x00000000faa80000, 0x0000000100000000)
  eden space 65536K, 100% used [0x00000000f5580000,0x00000000f9580000,0x00000000f9580000)
  from space 10752K, 0% used [0x00000000fa000000,0x00000000fa000000,0x00000000faa80000)
  to   space 10752K, 0% used [0x00000000f9580000,0x00000000f9580000,0x00000000fa000000)
 ParOldGen       total 175104K, used 0K [0x00000000e0000000, 0x00000000eab00000, 0x00000000f5580000)
  object space 175104K, 0% used [0x00000000e0000000,0x00000000e0000000,0x00000000eab00000)
 Metaspace       used 7199K, capacity 7430K, committed 7680K, reserved 1056768K
  class space    used 917K, capacity 1007K, committed 1024K, reserved 1048576K
Event: 4.925 GC heap after
Heap after GC invocations=1 (full 0):
 PSYoungGen      total 76288K, used 5701K [0x00000000f5580000, 0x00000000faa80000, 0x0000000100000000)
  eden space 65536K, 0% used [0x00000000f5580000,0x00000000f5580000,0x00000000f9580000)
  from space 10752K, 53% used [0x00000000f9580000,0x00000000f9b116d8,0x00000000fa000000)
  to   space 10752K, 0% used [0x00000000fa000000,0x00000000fa000000,0x00000000faa80000)
 ParOldGen       total 175104K, used 0K [0x00000000e0000000, 0x00000000eab00000, 0x00000000f5580000)
  object space 175104K, 0% used [0x00000000e0000000,0x00000000e0000000,0x00000000eab00000)
 Metaspace       used 7199K, capacity 7430K, committed 7680K, reserved 1056768K
  class space    used 917K, capacity 1007K, committed 1024K, reserved 1048576K
}
Event: 10.072 GC heap before
{Heap before GC invocations=2 (full 0):
 PSYoungGen      total 76288K, used 71237K [0x00000000f5580000, 0x00000000faa80000, 0x0000000100000000)
  eden space 65536K, 100% used [0x00000000f5580000,0x00000000f9580000,0x00000000f9580000)
  from space 10752K, 53% used [0x00000000f9580000,0x00000000f9b116d8,0x00000000fa000000)
  to   space 10752K, 0% used [0x00000000fa000000,0x00000000fa000000,0x00000000faa80000)
 ParOldGen       total 175104K, used 0K [0x00000000e0000000, 0x00000000eab00000, 0x00000000f5580000)
  object space 175104K, 0% used [0x00000000e0000000,0x00000000e0000000,0x00000000eab00000)
 Metaspace       used 15078K, capacity 15496K, committed 15616K, reserved 1062912K
  class space    used 2064K, capacity 2204K, committed 2304K, reserved 1048576K
Event: 10.099 GC heap after
Heap after GC invocations=2 (full 0):
 PSYoungGen      total 76288K, used 9412K [0x00000000f5580000, 0x00000000faa80000, 0x0000000100000000)
  eden space 65536K, 0% used [0x00000000f5580000,0x00000000f5580000,0x00000000f9580000)
  from space 10752K, 87% used [0x00000000fa000000,0x00000000fa9313d8,0x00000000faa80000)
  to   space 10752K, 0% used [0x00000000f9580000,0x00000000f9580000,0x00000000fa000000)
 ParOldGen       total 175104K, used 16K [0x00000000e0000000, 0x00000000eab00000, 0x00000000f5580000)
  object space 175104K, 0% used [0x00000000e0000000,0x00000000e0004000,0x00000000eab00000)
 Metaspace       used 15078K, capacity 15496K, committed 15616K, reserved 1062912K
  class space    used 2064K, capacity 2204K, committed 2304K, reserved 1048576K
}
Event: 12.060 GC heap before
{Heap before GC invocations=3 (full 0):
 PSYoungGen      total 76288K, used 74948K [0x00000000f5580000, 0x00000000faa80000, 0x0000000100000000)
  eden space 65536K, 100% used [0x00000000f5580000,0x00000000f9580000,0x00000000f9580000)
  from space 10752K, 87% used [0x00000000fa000000,0x00000000fa9313d8,0x00000000faa80000)
  to   space 10752K, 0% used [0x00000000f9580000,0x00000000f9580000,0x00000000fa000000)
 ParOldGen       total 175104K, used 16K [0x00000000e0000000, 0x00000000eab00000, 0x00000000f5580000)
  object space 175104K, 0% used [0x00000000e0000000,0x00000000e0004000,0x00000000eab00000)
 Metaspace       used 20289K, capacity 20840K, committed 21120K, reserved 1067008K
  class space    used 2911K, capacity 3082K, committed 3200K, reserved 1048576K
Event: 12.151 GC heap after
Heap after GC invocations=3 (full 0):
 PSYoungGen      total 76288K, used 10740K [0x00000000f5580000, 0x00000000fea80000, 0x0000000100000000)
  eden space 65536K, 0% used [0x00000000f5580000,0x00000000f5580000,0x00000000f9580000)
  from space 10752K, 99% used [0x00000000f9580000,0x00000000f9ffd328,0x00000000fa000000)
  to   space 10752K, 0% used [0x00000000fe000000,0x00000000fe000000,0x00000000fea80000)
 ParOldGen       total 175104K, used 676K [0x00000000e0000000, 0x00000000eab00000, 0x00000000f5580000)
  object space 175104K, 0% used [0x00000000e0000000,0x00000000e00a9020,0x00000000eab00000)
 Metaspace       used 20289K, capacity 20840K, committed 21120K, reserved 1067008K
  class space    used 2911K, capacity 3082K, committed 3200K, reserved 1048576K
}
Event: 12.339 GC heap before
{Heap before GC invocations=4 (full 0):
 PSYoungGen      total 76288K, used 18979K [0x00000000f5580000, 0x00000000fea80000, 0x0000000100000000)
  eden space 65536K, 12% used [0x00000000f5580000,0x00000000f5d8bc80,0x00000000f9580000)
  from space 10752K, 99% used [0x00000000f9580000,0x00000000f9ffd328,0x00000000fa000000)
  to   space 10752K, 0% used [0x00000000fe000000,0x00000000fe000000,0x00000000fea80000)
 ParOldGen       total 175104K, used 676K [0x00000000e0000000, 0x00000000eab00000, 0x00000000f5580000)
  object space 175104K, 0% used [0x00000000e0000000,0x00000000e00a9020,0x00000000eab00000)
 Metaspace       used 20656K, capacity 21160K, committed 21296K, reserved 1067008K
  class space    used 2976K, capacity 3146K, committed 3200K, reserved 1048576K
Event: 12.379 GC heap after
Heap after GC invocations=4 (full 0):
 PSYoungGen      total 141824K, used 6987K [0x00000000f5580000, 0x00000000fea80000, 0x0000000100000000)
  eden space 131072K, 0% used [0x00000000f5580000,0x00000000f5580000,0x00000000fd580000)
  from space 10752K, 64% used [0x00000000fe000000,0x00000000fe6d2d78,0x00000000fea80000)
  to   space 10752K, 0% used [0x00000000fd580000,0x00000000fd580000,0x00000000fe000000)
 ParOldGen       total 175104K, used 684K [0x00000000e0000000, 0x00000000eab00000, 0x00000000f5580000)
  object space 175104K, 0% used [0x00000000e0000000,0x00000000e00ab020,0x00000000eab00000)
 Metaspace       used 20656K, capacity 21160K, committed 21296K, reserved 1067008K
  class space    used 2976K, capacity 3146K, committed 3200K, reserved 1048576K
}
Event: 12.379 GC heap before
{Heap before GC invocations=5 (full 1):
 PSYoungGen      total 141824K, used 6987K [0x00000000f5580000, 0x00000000fea80000, 0x0000000100000000)
  eden space 131072K, 0% used [0x00000000f5580000,0x00000000f5580000,0x00000000fd580000)
  from space 10752K, 64% used [0x00000000fe000000,0x00000000fe6d2d78,0x00000000fea80000)
  to   space 10752K, 0% used [0x00000000fd580000,0x00000000fd580000,0x00000000fe000000)
 ParOldGen       total 175104K, used 684K [0x00000000e0000000, 0x00000000eab00000, 0x00000000f5580000)
  object space 175104K, 0% used [0x00000000e0000000,0x00000000e00ab020,0x00000000eab00000)
 Metaspace       used 20656K, capacity 21160K, committed 21296K, reserved 1067008K
  class space    used 2976K, capacity 3146K, committed 3200K, reserved 1048576K
Event: 12.451 GC heap after
Heap after GC invocations=5 (full 1):
 PSYoungGen      total 141824K, used 0K [0x00000000f5580000, 0x00000000fea80000, 0x0000000100000000)
  eden space 131072K, 0% used [0x00000000f5580000,0x00000000f5580000,0x00000000fd580000)
  from space 10752K, 0% used [0x00000000fe000000,0x00000000fe000000,0x00000000fea80000)
  to   space 10752K, 0% used [0x00000000fd580000,0x00000000fd580000,0x00000000fe000000)
 ParOldGen       total 175104K, used 6887K [0x00000000e0000000, 0x00000000eab00000, 0x00000000f5580000)
  object space 175104K, 3% used [0x00000000e0000000,0x00000000e06b9d18,0x00000000eab00000)
 Metaspace       used 20656K, capacity 21160K, committed 21296K, reserved 1067008K
  class space    used 2976K, capacity 3146K, committed 3200K, reserved 1048576K
}

